2025-04-15 12:31:55.455 INFO  [main][PortalContextLoaderListener:114] JVM arguments: --add-opens=java.base/java.lang=ALL-UNNAMED --add-opens=java.base/java.lang.invoke=ALL-UNNAMED --add-opens=java.base/java.lang.reflect=ALL-UNNAMED --add-opens=java.base/java.net=ALL-UNNAMED --add-opens=java.base/sun.net.www.protocol.http=ALL-UNNAMED --add-opens=java.base/sun.net.www.protocol.https=ALL-UNNAMED --add-opens=java.base/sun.util.calendar=ALL-UNNAMED --add-opens=jdk.zipfs/jdk.nio.zipfs=ALL-UNNAMED --add-opens=java.base/java.lang=ALL-UNNAMED --add-opens=java.base/java.lang.invoke=ALL-UNNAMED --add-opens=java.base/java.lang.reflect=ALL-UNNAMED --add-opens=java.base/java.io=ALL-UNNAMED --add-opens=java.base/java.util=ALL-UNNAMED --add-opens=java.base/java.util.concurrent=ALL-UNNAMED --add-opens=java.rmi/sun.rmi.transport=ALL-UNNAMED -Djava.util.logging.config.file=C:\environments\liferay-course-pages-navigation\bundles\tomcat\conf\logging.properties -Djava.util.logging.manager=org.apache.juli.ClassLoaderLogManager -Djdk.tls.ephemeralDHKeySize=2048 -Djava.protocol.handler.pkgs=org.apache.catalina.webresources -Dsun.io.useCanonCaches=false -Dfile.encoding=UTF-8 -Djava.net.preferIPv4Stack=true -Duser.timezone=GMT -Xms2560m -Xmx2560m -XX:MaxNewSize=1536m -XX:MaxMetaspaceSize=768m -XX:MetaspaceSize=768m -XX:NewSize=1536m -XX:SurvivorRatio=7 -Dignore.endorsed.dirs= -Dcatalina.base=C:\environments\liferay-course-pages-navigation\bundles\tomcat -Dcatalina.home=C:\environments\liferay-course-pages-navigation\bundles\tomcat -Djava.io.tmpdir=C:\environments\liferay-course-pages-navigation\bundles\tomcat\temp
2025-04-15 12:31:57.670 WARN  [SystemExecutorServiceUtil-1][DialectDetector:73] Liferay is configured to use Hypersonic as its database. Do NOT use Hypersonic in production. Hypersonic is an embedded database useful for development and demonstration purposes. The database settings can be changed in portal-ext.properties.
2025-04-15 12:31:57.672 INFO  [SystemExecutorServiceUtil-1][DialectDetector:134] Using dialect com.liferay.portal.dao.orm.hibernate.HSQLDialect for HSQL Database Engine 2.7
2025-04-15 12:31:59.425 INFO  [main][ModuleFrameworkImpl:1355] Starting initial bundles
2025-04-15 12:32:00.823 INFO  [main][InterpolationConfigurationPlugin:109] Configured directory for secrets: C:/environments/liferay-course-pages-navigation/bundles/osgi/configs
2025-04-15 12:32:01.498 INFO  [main][ModuleFrameworkImpl:1645] Started initial bundles
2025-04-15 12:32:01.501 INFO  [main][ModuleFrameworkImpl:1690] Starting dynamic bundles
2025-04-15 12:32:02.018 INFO  [main][BundleBlacklist:176] Stopping blacklisted bundle com.liferay.antivirus.async.store_5.0.0 [153]
2025-04-15 12:32:11.411 INFO  [main][BundleBlacklist:176] Stopping blacklisted bundle com.liferay.marketplace.app.manager.web_5.0.50 [852]
2025-04-15 12:32:11.440 INFO  [main][BundleBlacklist:176] Stopping blacklisted bundle com.liferay.marketplace.store.web_7.0.48 [855]
2025-04-15 12:32:12.417 INFO  [main][BundleBlacklist:176] Stopping blacklisted bundle com.liferay.plugins.admin.web_5.0.38 [939]
2025-04-15 12:32:13.395 INFO  [main][BundleBlacklist:176] Stopping blacklisted bundle com.liferay.portal.scripting.groovy_6.0.13 [1038]
2025-04-15 12:32:26.408 INFO  [Start Level: Equinox Container: 75204548-26f2-4392-b8ed-0a04362b0925][InterpolationConfigurationPlugin:135] Replaced value of configuration property 'homePageURL' for PID com.liferay.oauth2.provider.configuration.OAuth2ProviderApplicationHeadlessServerConfiguration~clarity-distributor-mgmt-batch-oauth-application-headless-server
2025-04-15 12:32:28.169 WARN  [Start Level: Equinox Container: 75204548-26f2-4392-b8ed-0a04362b0925][SidecarManager:70] Liferay automatically starts a child process of Elasticsearch named sidecar for convenient development and demonstration purposes. Do NOT use sidecar in production. Refer to the documentation for details on the limitations of sidecar and instructions on configuring a remote Elasticsearch connection in the Control Panel.
2025-04-15 12:32:35.258 INFO  [main][ModuleFrameworkImpl:1713] Started dynamic bundles
2025-04-15 12:32:35.260 INFO  [main][ModuleFrameworkImpl:1720] Starting web bundles
2025-04-15 12:32:38.092 INFO  [main][BundleBlacklist:176] Stopping blacklisted bundle com.liferay.antivirus.async.store_5.0.0 [1455]
2025-04-15 12:32:38.115 INFO  [main][BundleBlacklist:176] Stopping blacklisted bundle com.liferay.marketplace.app.manager.web_5.0.50 [1456]
2025-04-15 12:32:38.134 INFO  [main][BundleBlacklist:176] Stopping blacklisted bundle com.liferay.marketplace.store.web_7.0.48 [1457]
2025-04-15 12:32:38.148 INFO  [main][BundleBlacklist:176] Stopping blacklisted bundle com.liferay.plugins.admin.web_5.0.38 [1458]
2025-04-15 12:32:38.161 INFO  [main][BundleBlacklist:176] Stopping blacklisted bundle com.liferay.portal.scripting.groovy_6.0.13 [1459]
2025-04-15 12:32:38.168 INFO  [main][ModuleFrameworkImpl:1774] Started web bundles
2025-04-15 12:32:38.170 INFO  [main][ModuleFrameworkImpl:283] Navigate to Control Panel > System > Gogo Shell and enter "lb" to see all bundles
2025-04-15 12:32:39.807 INFO  [main][StartupHelperUtil:100] There are no patches installed
2025-04-15 12:32:39.930 INFO  [main][LicenseManager:-1] No binary licenses found
2025-04-15 12:32:40.483 INFO  [main][AutoDeployDir:152] Auto deploy scanner started for C:\environments\liferay-course-pages-navigation\bundles\deploy
2025-04-15 12:32:42.856 INFO  [SystemExecutorServiceUtil-4][Sidecar:100] Sidecar Elasticsearch 7.17.26 liferay_sidecar started at 127.0.0.1:9201
2025-04-15 12:32:51.545 ERROR [liferay/dispatch/executor-2][ParallelDestination:50] Unable to process message {destinationName=liferay/dispatch/executor, response=null, responseDestinationName=null, responseId=null, payload={"dispatchTriggerId": 31601}, values={GROUP_NAME=DISPATCH_GROUP_0031601@63456417597051, companyId=63456417597051, groupId=0, DESTINATION_NAME=liferay/dispatch/executor, JOB_STATE=com.liferay.portal.kernel.scheduler.JobState@735d9a7a, STORAGE_TYPE=PERSISTED, JOB_NAME=DISPATCH_JOB_0031601@63456417597051}}
com.liferay.portal.kernel.messaging.MessageListenerException: com.liferay.dispatch.exception.NoSuchTriggerException: No DispatchTrigger exists with the primary key 31601
	at com.liferay.portal.kernel.messaging.BaseMessageListener.receive(BaseMessageListener.java:32) ~[portal-kernel.jar:?]
	at com.liferay.portal.kernel.messaging.InvokerMessageListener.receive(InvokerMessageListener.java:62) ~[portal-kernel.jar:?]
	at com.liferay.portal.messaging.internal.ParallelDestination$1.run(ParallelDestination.java:47) ~[?:?]
	at java.util.concurrent.ThreadPoolExecutor.runWorker(ThreadPoolExecutor.java:1144) ~[?:?]
	at java.util.concurrent.ThreadPoolExecutor$Worker.run(ThreadPoolExecutor.java:642) ~[?:?]
	at java.lang.Thread.run(Thread.java:1583) [?:?]
Caused by: com.liferay.dispatch.exception.NoSuchTriggerException: No DispatchTrigger exists with the primary key 31601
	at com.liferay.dispatch.service.persistence.impl.DispatchTriggerPersistenceImpl.findByPrimaryKey(DispatchTriggerPersistenceImpl.java:8146) ~[?:?]
	at com.liferay.dispatch.service.persistence.impl.DispatchTriggerPersistenceImpl.findByPrimaryKey(DispatchTriggerPersistenceImpl.java:8164) ~[?:?]
	at com.liferay.dispatch.service.impl.DispatchTriggerLocalServiceImpl.getDispatchTrigger(DispatchTriggerLocalServiceImpl.java:206) ~[?:?]
	at jdk.internal.reflect.DirectMethodHandleAccessor.invoke(DirectMethodHandleAccessor.java:103) ~[?:?]
	at java.lang.reflect.Method.invoke(Method.java:580) ~[?:?]
	at com.liferay.portal.spring.aop.AopMethodInvocationImpl.proceed(AopMethodInvocationImpl.java:41) ~[portal-impl.jar:?]
	at com.liferay.portal.spring.transaction.TransactionInterceptor.invoke(TransactionInterceptor.java:60) ~[portal-impl.jar:?]
	at com.liferay.portal.spring.aop.AopMethodInvocationImpl.proceed(AopMethodInvocationImpl.java:48) ~[portal-impl.jar:?]
	at com.liferay.change.tracking.internal.aop.CTTransactionAdvice.invoke(CTTransactionAdvice.java:70) ~[?:?]
	at com.liferay.portal.spring.aop.AopMethodInvocationImpl.proceed(AopMethodInvocationImpl.java:48) ~[portal-impl.jar:?]
	at com.liferay.portal.spring.aop.AopInvocationHandler.invoke(AopInvocationHandler.java:40) ~[portal-impl.jar:?]
	at jdk.proxy99.$Proxy452.getDispatchTrigger(Unknown Source) ~[?:?]
	at com.liferay.dispatch.internal.messaging.DispatchMessageListener.doReceive(DispatchMessageListener.java:47) ~[?:?]
	at com.liferay.portal.kernel.messaging.BaseMessageListener.doReceive(BaseMessageListener.java:39) ~[portal-kernel.jar:?]
	at com.liferay.portal.kernel.messaging.BaseMessageListener.receive(BaseMessageListener.java:25) ~[portal-kernel.jar:?]
	... 5 more
2025-04-15 12:32:55.414 INFO  [fileinstall-directory-watcher][LicenseManager:-1] DXP Development license validation passed
2025-04-15 12:32:55.415 INFO  [fileinstall-directory-watcher][LicenseManager:-1] License registered for DXP Development
2025-04-15 12:32:55.457 INFO  [fileinstall-directory-watcher][BaseAutoDeployListener:34] Copying themes for C:\environments\liferay-course-pages-navigation\bundles\tomcat\temp\20250415123255418FWVGGCFZ\admin-theme.war
2025-04-15 12:32:56.326 INFO  [SystemExecutorServiceUtil-14][BatchEngineImportTaskExecutorImpl:95] Started batch engine import task 2401
2025-04-15 12:32:56.755 INFO  [SystemExecutorServiceUtil-3][OAuth2ProviderApplicationHeadlessServerConfigurationFactory:201] OAuth 2 application with external reference code clarity-distributor-mgmt-batch-oauth-application-headless-server and company ID 16796623585306 has client ID id-2ed863dc-48a2-3641-ca63-5149661f9da
2025-04-15 12:33:03.345 INFO  [fileinstall-directory-watcher][BaseAutoDeployListener:41] Themes for C:\environments\liferay-course-pages-navigation\bundles\tomcat\temp\20250415123255418FWVGGCFZ\admin-theme.war copied successfully
2025-04-15 12:33:04.426 INFO  [SystemExecutorServiceUtil-3][OAuth2ProviderApplicationHeadlessServerConfigurationFactory:201] OAuth 2 application with external reference code clarity-distributor-mgmt-batch-oauth-application-headless-server and company ID 16796623585306 has client ID id-2ed863dc-48a2-3641-ca63-5149661f9da
2025-04-15 12:33:04.446 INFO  [SystemExecutorServiceUtil-14][OAuth2ProviderApplicationHeadlessServerConfigurationFactory:201] OAuth 2 application with external reference code clarity-distributor-mgmt-batch-oauth-application-headless-server and company ID 16796623585306 has client ID id-2ed863dc-48a2-3641-ca63-5149661f9da
2025-04-15 12:33:04.678 INFO  [SystemExecutorServiceUtil-14][OAuth2ProviderApplicationHeadlessServerConfigurationFactory:201] OAuth 2 application with external reference code clarity-distributor-mgmt-batch-oauth-application-headless-server and company ID 16796623585306 has client ID id-2ed863dc-48a2-3641-ca63-5149661f9da
2025-04-15 12:33:05.445 INFO  [SystemExecutorServiceUtil-14][OAuth2ProviderApplicationHeadlessServerConfigurationFactory:201] OAuth 2 application with external reference code clarity-distributor-mgmt-batch-oauth-application-headless-server and company ID 16796623585306 has client ID id-2ed863dc-48a2-3641-ca63-5149661f9da
2025-04-15 12:33:05.609 INFO  [SystemExecutorServiceUtil-14][OAuth2ProviderApplicationHeadlessServerConfigurationFactory:201] OAuth 2 application with external reference code clarity-distributor-mgmt-batch-oauth-application-headless-server and company ID 16796623585306 has client ID id-2ed863dc-48a2-3641-ca63-5149661f9da
2025-04-15 12:33:06.276 INFO  [SystemExecutorServiceUtil-14][OAuth2ProviderApplicationHeadlessServerConfigurationFactory:201] OAuth 2 application with external reference code clarity-distributor-mgmt-batch-oauth-application-headless-server and company ID 16796623585306 has client ID id-2ed863dc-48a2-3641-ca63-5149661f9da
2025-04-15 12:33:06.425 INFO  [SystemExecutorServiceUtil-14][OAuth2ProviderApplicationHeadlessServerConfigurationFactory:201] OAuth 2 application with external reference code clarity-distributor-mgmt-batch-oauth-application-headless-server and company ID 16796623585306 has client ID id-2ed863dc-48a2-3641-ca63-5149661f9da
2025-04-15 12:33:06.963 INFO  [SystemExecutorServiceUtil-14][OAuth2ProviderApplicationHeadlessServerConfigurationFactory:201] OAuth 2 application with external reference code clarity-distributor-mgmt-batch-oauth-application-headless-server and company ID 16796623585306 has client ID id-2ed863dc-48a2-3641-ca63-5149661f9da
2025-04-15 12:33:07.122 INFO  [SystemExecutorServiceUtil-14][OAuth2ProviderApplicationHeadlessServerConfigurationFactory:201] OAuth 2 application with external reference code clarity-distributor-mgmt-batch-oauth-application-headless-server and company ID 16796623585306 has client ID id-2ed863dc-48a2-3641-ca63-5149661f9da
2025-04-15 12:33:07.494 INFO  [SystemExecutorServiceUtil-14][BatchEngineImportTaskExecutorImpl:176] Finished batch engine import task 2401 in 11164ms
2025-04-15 12:33:07.952 INFO  [fileinstall-directory-watcher][BaseAutoDeployListener:34] Copying themes for C:\environments\liferay-course-pages-navigation\bundles\tomcat\temp\20250415123307926KHZCFMQW\classic-theme.war
2025-04-15 12:33:14.054 INFO  [fileinstall-directory-watcher][BaseAutoDeployListener:41] Themes for C:\environments\liferay-course-pages-navigation\bundles\tomcat\temp\20250415123307926KHZCFMQW\classic-theme.war copied successfully
2025-04-15 12:33:17.077 INFO  [fileinstall-directory-watcher][BaseAutoDeployListener:34] Copying themes for C:\environments\liferay-course-pages-navigation\bundles\tomcat\temp\20250415123317044YOYAEVEI\dialect-theme.war
2025-04-15 12:33:22.782 INFO  [fileinstall-directory-watcher][BaseAutoDeployListener:41] Themes for C:\environments\liferay-course-pages-navigation\bundles\tomcat\temp\20250415123317044YOYAEVEI\dialect-theme.war copied successfully
2025-04-15 12:33:25.636 INFO  [fileinstall-directory-watcher][BaseAutoDeployListener:34] Copying themes for C:\environments\liferay-course-pages-navigation\bundles\tomcat\temp\20250415123325562SOEZXEHV\minium-theme.war
2025-04-15 12:33:30.695 INFO  [fileinstall-directory-watcher][BaseAutoDeployListener:41] Themes for C:\environments\liferay-course-pages-navigation\bundles\tomcat\temp\20250415123325562SOEZXEHV\minium-theme.war copied successfully
2025-04-15 12:33:33.953 INFO  [fileinstall-directory-watcher][BaseAutoDeployListener:34] Copying themes for C:\environments\liferay-course-pages-navigation\bundles\tomcat\temp\20250415123333907MDEAIWWJ\speedwell-theme.war
2025-04-15 12:33:39.793 INFO  [fileinstall-directory-watcher][BaseAutoDeployListener:41] Themes for C:\environments\liferay-course-pages-navigation\bundles\tomcat\temp\20250415123333907MDEAIWWJ\speedwell-theme.war copied successfully
2025-04-15 12:33:43.606 INFO  [fileinstall-directory-watcher][BundleStartStopLogger:68] STARTED classic-theme_5.0.105 [1462]
2025-04-15 12:33:43.609 INFO  [fileinstall-directory-watcher][BundleStartStopLogger:68] STARTED advancedcxdemo_7.4.13 [1460]
2025-04-15 12:33:43.624 INFO  [fileinstall-directory-watcher][BundleStartStopLogger:68] STARTED admin-theme_5.0.91 [1461]
2025-04-15 12:33:43.637 INFO  [main][DependencyManagerSyncUtil:114] Available checkers: [AOP Service Registrar System Checker, Declarative Service Soft Circular Dependency System Checker, Declarative Service Unsatisfied Component System Checker, Spring Extender Unavailable Component System Checker, Pending Upgrade System Checker]
2025-04-15 12:33:43.655 INFO  [fileinstall-directory-watcher][BundleStartStopLogger:68] STARTED minium-theme_5.0.98 [1464]
2025-04-15 12:33:43.664 INFO  [main][DependencyManagerSyncUtil:114] Running "AOP Service Registrar System Checker". You can run this by itself with command "aop:failures" in gogo shell.
2025-04-15 12:33:43.671 INFO  [main][DependencyManagerSyncUtil:114] AOP Service Registrar System Checker check result: No issues were found.
2025-04-15 12:33:43.674 INFO  [main][DependencyManagerSyncUtil:114] Running "Declarative Service Soft Circular Dependency System Checker". You can run this by itself with command "ds:softCircularDependency" in gogo shell.
2025-04-15 12:33:43.692 INFO  [fileinstall-directory-watcher][BundleStartStopLogger:68] STARTED speedwell-theme_4.0.92 [1465]
2025-04-15 12:33:43.742 INFO  [fileinstall-directory-watcher][BundleStartStopLogger:68] STARTED dialect-theme_5.0.91 [1463]
2025-04-15 12:33:47.602 INFO  [main][DependencyManagerSyncUtil:114] Declarative Service Soft Circular Dependency System Checker check result: No issues were found.
2025-04-15 12:33:47.602 INFO  [main][DependencyManagerSyncUtil:114] Running "Declarative Service Unsatisfied Component System Checker". You can run this by itself with command "ds:unsatisfied" in gogo shell.
2025-04-15 12:33:55.488 INFO  [main][DependencyManagerSyncUtil:114] Declarative Service Unsatisfied Component System Checker check result: No issues were found.
2025-04-15 12:33:55.489 INFO  [main][DependencyManagerSyncUtil:114] Running "Spring Extender Unavailable Component System Checker". You can run this by itself with command "dm na" in gogo shell.
2025-04-15 12:33:55.492 INFO  [main][DependencyManagerSyncUtil:114] Spring Extender Unavailable Component System Checker check result: No issues were found.
2025-04-15 12:33:55.492 INFO  [main][DependencyManagerSyncUtil:114] Running "Pending Upgrade System Checker". You can run this by itself with command "upgrade:pending" in gogo shell.
2025-04-15 12:33:55.845 INFO  [main][DependencyManagerSyncUtil:114] Pending Upgrade System Checker check result: No issues were found.
